Microsoft (R) Macro Assembler Version 6.14.8444		    04/27/23 22:35:05
a.asm							     Page 1 - 1


				include console.inc
			      C .NOLIST
			      C .LIST
			      C ; Исключение из списка служебных слов
			      C option NoKeyWord: <c name str>
			      C 
			      C 
			      C 
			      C 
			      C ;include masm32.inc
			      C 
			      C    includelib masm32.lib
			      C    includelib user32.lib
			      C    includelib kernel32.lib
			      C    includelib msvcrt.lib
			      C    
			      C 
				COMMENT *
					Laba 1 #2
				*

 000002E1			.data
 000002E1 61				a db 'a'


 000003C0			.code

 000003C0			Start:
					ClrScr									; Чистка CMD
					ConsoleTitle 		"Вывод символа в 2 разрядном виде"
					outstrln 		"Введите символ"
					inchar 			a						; Считываем символ
					outstr			"В ASCI: "
					outintln		a
 000005A7  B1 00			mov 			cl,0						
 000005A9			begin:
 000005A9  D0 05 000002E1 R		rol 			a,1						; Код символа свигается на 1 бит влево
 000005AF  73 65			jnc 			zero						; JNC проверяет равен ли 0
					outchar 		"1"
 00000614  EB 65			jmp cycle								; Прыгаем на метку "cycle"
 00000616			zero:
					
					outchar 		"0"						; Выводим символ "0"
 00000679  EB 00			jmp 			cycle
 0000067B			cycle:	
 0000067B  80 C1 01			add 			cl,1						; Уменьшаем счетчик на 1
 0000067E  80 F9 08			cmp 			cl,8						; Проверяем не досчитал ли счетчик до 8
 00000681  0F 8C FFFFFF22		jl 			begin						; Если счетчик досчитал до 0 прыгаем на метку "begin"
					newline
					exit
					end Start
Microsoft (R) Macro Assembler Version 6.14.8444		    04/27/23 22:35:05
a.asm							     Symbols 2 - 1




Macros:

                N a m e                 Type

??CheckStrToBuf  . . . . . . . .	Proc
??FindESP  . . . . . . . . . . .	Proc
??RestoreReg . . . . . . . . . .	Proc
??SaveReg  . . . . . . . . . . .	Proc
@GetCommandLine  . . . . . . . .	Func
@Random  . . . . . . . . . . . .	Func
@inchar  . . . . . . . . . . . .	Func
@inintln . . . . . . . . . . . .	Func
@inint . . . . . . . . . . . . .	Func
@readkey . . . . . . . . . . . .	Func
ChagePageAttr  . . . . . . . . .	Proc
ClrScr . . . . . . . . . . . . .	Proc
ConsoleMode  . . . . . . . . . .	Proc
ConsoleTitle . . . . . . . . . .	Proc
DOS  . . . . . . . . . . . . . .	Func
DownloadFile . . . . . . . . . .	Proc
GetConsoleTitle  . . . . . . . .	Proc
HeapBlockSize  . . . . . . . . .	Proc
InputStr . . . . . . . . . . . .	Proc
MsgBox . . . . . . . . . . . . .	Proc
NewConsole . . . . . . . . . . .	Proc
OpenFile . . . . . . . . . . . .	Proc
OutFlags . . . . . . . . . . . .	Proc
Randomize  . . . . . . . . . . .	Proc
RunExe . . . . . . . . . . . . .	Proc
SetScreenSize  . . . . . . . . .	Proc
SetTextAttr  . . . . . . . . . .	Proc
TotalHeapAllocated . . . . . . .	Proc
WhereX . . . . . . . . . . . . .	Proc
WhereY . . . . . . . . . . . . .	Proc
dispose  . . . . . . . . . . . .	Proc
exit . . . . . . . . . . . . . .	Proc
flush  . . . . . . . . . . . . .	Proc
gotoXY . . . . . . . . . . . . .	Proc
inchar . . . . . . . . . . . . .	Proc
inintln  . . . . . . . . . . . .	Proc
inint  . . . . . . . . . . . . .	Proc
newline  . . . . . . . . . . . .	Proc
new  . . . . . . . . . . . . . .	Proc
outcharln  . . . . . . . . . . .	Proc
outchar  . . . . . . . . . . . .	Proc
outdateln  . . . . . . . . . . .	Proc
outdate  . . . . . . . . . . . .	Proc
outintln . . . . . . . . . . . .	Proc
outint . . . . . . . . . . . . .	Proc
outnumln . . . . . . . . . . . .	Proc
outnum . . . . . . . . . . . . .	Proc
outstrln . . . . . . . . . . . .	Proc
outstr . . . . . . . . . . . . .	Proc
outtimeln  . . . . . . . . . . .	Proc
outtime  . . . . . . . . . . . .	Proc
outwordln  . . . . . . . . . . .	Proc
outword  . . . . . . . . . . . .	Proc
pause  . . . . . . . . . . . . .	Proc
readkey  . . . . . . . . . . . .	Proc


Structures and Unions:

                N a m e                  Size
                                         Offset      Type

CONSOLE_SCREEN_BUFFER_INFO . . .	 00000016
  dwSize . . . . . . . . . . . .	 00000000	 DWord
  dwCursorPosition . . . . . . .	 00000004	 DWord
  wAttributes  . . . . . . . . .	 00000008	 Word
  srWindow . . . . . . . . . . .	 0000000A	 QWord
  dwMaximumWindowSize  . . . . .	 00000012	 DWord
COORD  . . . . . . . . . . . . .	 00000004
  x  . . . . . . . . . . . . . .	 00000000	 Word
  y  . . . . . . . . . . . . . .	 00000002	 Word
SMALL_RECT . . . . . . . . . . .	 00000008
  Left . . . . . . . . . . . . .	 00000000	 Word
  Top  . . . . . . . . . . . . .	 00000002	 Word
  Right  . . . . . . . . . . . .	 00000004	 Word
  Bottom . . . . . . . . . . . .	 00000006	 Word
SystemTime . . . . . . . . . . .	 00000010
  wYear  . . . . . . . . . . . .	 00000000	 Word
  wMonth . . . . . . . . . . . .	 00000002	 Word
  wDayOfWeek . . . . . . . . . .	 00000004	 Word
  wDay . . . . . . . . . . . . .	 00000006	 Word
  wHour  . . . . . . . . . . . .	 00000008	 Word
  wMinute  . . . . . . . . . . .	 0000000A	 Word
  wSecond  . . . . . . . . . . .	 0000000C	 Word
  wMilliseconds  . . . . . . . .	 0000000E	 Word


Types:

                N a m e                  Size     Attr

c_msvcrt . . . . . . . . . . . .	 00000004     CODE 
params4  . . . . . . . . . . . .	 00000004     CODE 


Segments and Groups:

                N a m e                 Size     Length   Align   Combine Class

FLAT . . . . . . . . . . . . . .	GROUP
STACK  . . . . . . . . . . . . .	32 Bit	 00001000 Para	  Stack	  'STACK'	 
_DATA  . . . . . . . . . . . . .	32 Bit	 00000924 Para	  Public  'DATA'	
_TEXT  . . . . . . . . . . . . .	32 Bit	 000006FA Para	  Public  'CODE'	


Procedures,  parameters and locals:

                N a m e                 Type     Value    Attr

CharToOemA . . . . . . . . . . .	P Near	 00000000 FLAT	Length= 00000000 External STDCALL
ClearScreen  . . . . . . . . . .	P Near	 00000000 FLAT	Length= 00000000 External STDCALL
CloseHandle  . . . . . . . . . .	P Near	 00000000 FLAT	Length= 00000000 External STDCALL
CreateFileA  . . . . . . . . . .	P Near	 00000000 FLAT	Length= 00000000 External STDCALL
ExitProcess  . . . . . . . . . .	P Near	 00000000 FLAT	Length= 00000000 External STDCALL
GetCommandLineA  . . . . . . . .	P Near	 00000000 FLAT	Length= 00000000 External STDCALL
GetConsoleScreenBufferInfo . . .	P Near	 00000000 FLAT	Length= 00000000 External STDCALL
GetConsoleTitleA . . . . . . . .	P Near	 00000000 FLAT	Length= 00000000 External STDCALL
GetModuleHandleA . . . . . . . .	P Near	 00000000 FLAT	Length= 00000000 External STDCALL
GetStdHandle . . . . . . . . . .	P Near	 00000000 FLAT	Length= 00000000 External STDCALL
GetSystemMetrics . . . . . . . .	P Near	 00000000 FLAT	Length= 00000000 External STDCALL
GetSystemTime  . . . . . . . . .	P Near	 00000000 FLAT	Length= 00000000 External STDCALL
GetTickCount . . . . . . . . . .	P Near	 00000000 FLAT	Length= 00000000 External STDCALL
GlobalAlloc  . . . . . . . . . .	P Near	 00000000 FLAT	Length= 00000000 External STDCALL
GlobalFree . . . . . . . . . . .	P Near	 00000000 FLAT	Length= 00000000 External STDCALL
GlobalSize . . . . . . . . . . .	P Near	 00000000 FLAT	Length= 00000000 External STDCALL
InternetGetConnectedState  . . .	P Near	 00000000 FLAT	Length= 00000000 External STDCALL
MessageBoxIndirectA  . . . . . .	P Near	 00000000 FLAT	Length= 00000000 External STDCALL
SetConsoleCtrlHandler  . . . . .	P Near	 00000000 FLAT	Length= 00000000 External STDCALL
SetConsoleCursorPosition . . . .	P Near	 00000000 FLAT	Length= 00000000 External STDCALL
SetConsoleScreenBufferSize . . .	P Near	 00000000 FLAT	Length= 00000000 External STDCALL
SetConsoleTextAttribute  . . . .	P Near	 00000000 FLAT	Length= 00000000 External STDCALL
SetConsoleTitleA . . . . . . . .	P Near	 00000000 FLAT	Length= 00000000 External STDCALL
Sleep  . . . . . . . . . . . . .	P Near	 00000000 FLAT	Length= 00000000 External STDCALL
StdIn  . . . . . . . . . . . . .	P Near	 00000000 FLAT	Length= 00000000 External STDCALL
StdOut . . . . . . . . . . . . .	P Near	 00000000 FLAT	Length= 00000000 External STDCALL
URLDownloadToFileA . . . . . . .	P Near	 00000000 FLAT	Length= 00000000 External STDCALL
VirtualProtect . . . . . . . . .	P Near	 00000000 FLAT	Length= 00000000 External STDCALL
WinToDos . . . . . . . . . . . .	P Near	 00000000 _TEXT	Length= 00000032 Public STDCALL
  @L . . . . . . . . . . . . . .	L Near	 00000003 _TEXT	
  @L2  . . . . . . . . . . . . .	L Near	 0000002A _TEXT	
  @Voz . . . . . . . . . . . . .	L Near	 0000002F _TEXT	
inint_proc . . . . . . . . . . .	P Near	 00000032 _TEXT	Length= 0000038E Public STDCALL
  @MM  . . . . . . . . . . . . .	L Near	 0000004C _TEXT	
  @@KOH1 . . . . . . . . . . . .	L Near	 000001CB _TEXT	
  @@KOH  . . . . . . . . . . . .	L Near	 000001D2 _TEXT	
  @VOZ . . . . . . . . . . . . .	L Near	 000001FA _TEXT	
  @@Error  . . . . . . . . . . .	L Near	 000001FE _TEXT	
  ??0005 . . . . . . . . . . . .	L Near	 0000023E _TEXT	
  ??000D . . . . . . . . . . . .	L Near	 00000271 _TEXT	
  ??000E . . . . . . . . . . . .	L Near	 000002A5 _TEXT	
  @@Error1 . . . . . . . . . . .	L Near	 000002DF _TEXT	
  ??0014 . . . . . . . . . . . .	L Near	 0000031F _TEXT	
  ??001C . . . . . . . . . . . .	L Near	 00000352 _TEXT	
  ??001D . . . . . . . . . . . .	L Near	 00000386 _TEXT	
nrandom  . . . . . . . . . . . .	P Near	 00000000 FLAT	Length= 00000000 External STDCALL
nseed  . . . . . . . . . . . . .	P Near	 00000000 FLAT	Length= 00000000 External STDCALL
shell_ex . . . . . . . . . . . .	P Near	 00000000 FLAT	Length= 00000000 External STDCALL
shell  . . . . . . . . . . . . .	P Near	 00000000 FLAT	Length= 00000000 External STDCALL
wait_key . . . . . . . . . . . .	P Near	 00000000 FLAT	Length= 00000000 External STDCALL


Symbols:

                N a m e                 Type     Value    Attr

??0000 . . . . . . . . . . . . .	Byte	 00000054 _DATA	
??0001 . . . . . . . . . . . . .	Byte	 00000025 _DATA	
??0002 . . . . . . . . . . . . .	Text   	 "
??0003 . . . . . . . . . . . . .	Byte	 00000024 _DATA	
??0006 . . . . . . . . . . . . .	Number	 00000000h   
??0007 . . . . . . . . . . . . .	Byte	 00000057 _DATA	
??0009 . . . . . . . . . . . . .	Byte	 00000186 _DATA	
??000A . . . . . . . . . . . . .	Byte	 0000005A _DATA	
??000B . . . . . . . . . . . . .	Text   	 o
??000C . . . . . . . . . . . . .	Byte	 00000059 _DATA	
??000F . . . . . . . . . . . . .	Byte	 000001AC _DATA	
??0010 . . . . . . . . . . . . .	Byte	 0000018A _DATA	
??0011 . . . . . . . . . . . . .	Text   	 "
??0012 . . . . . . . . . . . . .	Byte	 00000189 _DATA	
??0015 . . . . . . . . . . . . .	Number	 00000000h   
??0016 . . . . . . . . . . . . .	Byte	 000001AF _DATA	
??0018 . . . . . . . . . . . . .	Byte	 000002DE _DATA	
??0019 . . . . . . . . . . . . .	Byte	 000001B2 _DATA	
??001A . . . . . . . . . . . . .	Text   	 o
??001B . . . . . . . . . . . . .	Byte	 000001B1 _DATA	
??001E . . . . . . . . . . . . .	Byte	 000002E3 _DATA	
??001F . . . . . . . . . . . . .	Text   	 "
??0020 . . . . . . . . . . . . .	Byte	 000002E2 _DATA	
??0022 . . . . . . . . . . . . .	L Near	 000003F6 _TEXT	
??0023 . . . . . . . . . . . . .	Byte	 00000314 _DATA	
??0024 . . . . . . . . . . . . .	Byte	 00000305 _DATA	
??0025 . . . . . . . . . . . . .	Text   	 "
??0026 . . . . . . . . . . . . .	Byte	 00000304 _DATA	
??0028 . . . . . . . . . . . . .	L Near	 00000429 _TEXT	
??0029 . . . . . . . . . . . . .	Number	 00000000h   
??002A . . . . . . . . . . . . .	Byte	 00000317 _DATA	
??002C . . . . . . . . . . . . .	Byte	 00000446 _DATA	
??002D . . . . . . . . . . . . .	Byte	 0000031A _DATA	
??002E . . . . . . . . . . . . .	Text   	 o
??002F . . . . . . . . . . . . .	Byte	 00000319 _DATA	
??0030 . . . . . . . . . . . . .	L Near	 0000045C _TEXT	
??0031 . . . . . . . . . . . . .	L Near	 00000490 _TEXT	
??0032 . . . . . . . . . . . . .	Number	 00000000h   
??0033 . . . . . . . . . . . . .	Byte	 00000449 _DATA	
??0034 . . . . . . . . . . . . .	L Near	 000004B3 _TEXT	
??0035 . . . . . . . . . . . . .	Byte	 00000456 _DATA	
??0036 . . . . . . . . . . . . .	Byte	 0000044D _DATA	
??0037 . . . . . . . . . . . . .	Text   	 "
??0038 . . . . . . . . . . . . .	Byte	 0000044C _DATA	
??003A . . . . . . . . . . . . .	L Near	 0000050A _TEXT	
??003B . . . . . . . . . . . . .	Number	 -00000001h   
??003C . . . . . . . . . . . . .	Number	 00000001h   
??003D . . . . . . . . . . . . .	Number	 00000000h   
??003E . . . . . . . . . . . . .	Byte	 00000459 _DATA	
??0046 . . . . . . . . . . . . .	Number	 00000001h   
??0048 . . . . . . . . . . . . .	Number	 00000000h   
??0049 . . . . . . . . . . . . .	Byte	 0000045C _DATA	
??004B . . . . . . . . . . . . .	Byte	 0000058B _DATA	
??004C . . . . . . . . . . . . .	Byte	 0000045F _DATA	
??004D . . . . . . . . . . . . .	Text   	 o
??004E . . . . . . . . . . . . .	Byte	 0000045E _DATA	
??004F . . . . . . . . . . . . .	L Near	 0000055B _TEXT	
??0050 . . . . . . . . . . . . .	L Near	 0000058F _TEXT	
??0051 . . . . . . . . . . . . .	Number	 00000000h   
??0052 . . . . . . . . . . . . .	Byte	 0000058E _DATA	
??0054 . . . . . . . . . . . . .	Byte	 000006BD _DATA	
??0055 . . . . . . . . . . . . .	Byte	 00000591 _DATA	
??0056 . . . . . . . . . . . . .	Text   	 o
??0057 . . . . . . . . . . . . .	Byte	 00000590 _DATA	
??0058 . . . . . . . . . . . . .	L Near	 000005CC _TEXT	
??0059 . . . . . . . . . . . . .	L Near	 00000600 _TEXT	
??005A . . . . . . . . . . . . .	Number	 00000000h   
??005B . . . . . . . . . . . . .	Byte	 000006C0 _DATA	
??005D . . . . . . . . . . . . .	Byte	 000007EF _DATA	
??005E . . . . . . . . . . . . .	Byte	 000006C3 _DATA	
??005F . . . . . . . . . . . . .	Text   	 o
??0060 . . . . . . . . . . . . .	Byte	 000006C2 _DATA	
??0061 . . . . . . . . . . . . .	L Near	 00000631 _TEXT	
??0062 . . . . . . . . . . . . .	L Near	 00000665 _TEXT	
??0063 . . . . . . . . . . . . .	Number	 00000000h   
??0064 . . . . . . . . . . . . .	Byte	 000007F2 _DATA	
??0066 . . . . . . . . . . . . .	Byte	 00000921 _DATA	
??0067 . . . . . . . . . . . . .	Byte	 000007F5 _DATA	
??0068 . . . . . . . . . . . . .	Text   	 o
??0069 . . . . . . . . . . . . .	Byte	 000007F4 _DATA	
??006A . . . . . . . . . . . . .	L Near	 000006A6 _TEXT	
??006B . . . . . . . . . . . . .	L Near	 000006DA _TEXT	
??CommonHeapElemSize . . . . . .	DWord	 00000004 _DATA	
??ConsoleMode  . . . . . . . . .	Byte	 00000008 _DATA	
??TotalHeapAllocated . . . . . .	DWord	 00000000 _DATA	
??buf  . . . . . . . . . . . . .	Byte	 00000019 _DATA	
??sTime  . . . . . . . . . . . .	SystemTime  00000009 _DATA	
@CodeSize  . . . . . . . . . . .	Number	 00000000h   
@DOS . . . . . . . . . . . . . .	Text   	 DOS
@DataSize  . . . . . . . . . . .	Number	 00000000h   
@INCHAR  . . . . . . . . . . . .	Text   	 @inchar
@ININTLN . . . . . . . . . . . .	Text   	 @inintln
@ININT . . . . . . . . . . . . .	Text   	 @inint
@InChar  . . . . . . . . . . . .	Text   	 @inchar
@InInt . . . . . . . . . . . . .	Text   	 @inint
@Inchar  . . . . . . . . . . . .	Text   	 @inchar
@InintLn . . . . . . . . . . . .	Text   	 @inintln
@Inintln . . . . . . . . . . . .	Text   	 @inintln
@Inint . . . . . . . . . . . . .	Text   	 @inint
@Interface . . . . . . . . . . .	Number	 00000003h   
@Model . . . . . . . . . . . . .	Number	 00000007h   
@READKEY . . . . . . . . . . . .	Text   	 @readkey
@ReadKey . . . . . . . . . . . .	Text   	 @readkey
@code  . . . . . . . . . . . . .	Text   	 _TEXT
@data  . . . . . . . . . . . . .	Text   	 FLAT
@dos . . . . . . . . . . . . . .	Text   	 DOS
@fardata?  . . . . . . . . . . .	Text   	 FLAT
@fardata . . . . . . . . . . . .	Text   	 FLAT
@random  . . . . . . . . . . . .	Text   	 @Random
@stack . . . . . . . . . . . . .	Text   	 FLAT
AllocConsole@0 . . . . . . . . .	L Near	 00000000 FLAT	External STDCALL
Black  . . . . . . . . . . . . .	Number	 00000000h   
Blue . . . . . . . . . . . . . .	Number	 00000001h   
Bright . . . . . . . . . . . . .	Number	 00000008h   
Brown  . . . . . . . . . . . . .	Number	 00000006h   
CLRSCR . . . . . . . . . . . . .	Text   	 ClrScr
CREATE_ALWAYS  . . . . . . . . .	Number	 00000002h   
CREATE_NEW . . . . . . . . . . .	Number	 00000001h   
CharToOem  . . . . . . . . . . .	Text   	 CharToOemA
Cls  . . . . . . . . . . . . . .	Text   	 ClrScr
CreateFile . . . . . . . . . . .	Text   	 CreateFileA
Cyan . . . . . . . . . . . . . .	Number	 00000003h   
DISPOSE  . . . . . . . . . . . .	Text   	 dispose
DarkGray . . . . . . . . . . . .	Number	 00000008h   
Dispose  . . . . . . . . . . . .	Text   	 dispose
EXIT . . . . . . . . . . . . . .	Text   	 exit
Exit . . . . . . . . . . . . . .	Text   	 exit
FILE_ATTRIBUTE_ARCHIVE . . . . .	Number	 00000020h   
FILE_ATTRIBUTE_COMPRESSED  . . .	Number	 00000800h   
FILE_ATTRIBUTE_DIRECTORY . . . .	Number	 00000010h   
FILE_ATTRIBUTE_HIDDEN  . . . . .	Number	 00000002h   
FILE_ATTRIBUTE_NORMAL  . . . . .	Number	 00000080h   
FILE_ATTRIBUTE_READONLY  . . . .	Number	 00000001h   
FILE_ATTRIBUTE_SYSTEM  . . . . .	Number	 00000004h   
FILE_ATTRIBUTE_TEMPORARY . . . .	Number	 00000100h   
FLUSH  . . . . . . . . . . . . .	Text   	 flush
Flush  . . . . . . . . . . . . .	Text   	 flush
FreeConsole@0  . . . . . . . . .	L Near	 00000000 FLAT	External STDCALL
GENERIC_ALL  . . . . . . . . . .	Number	 10000000h   
GENERIC_EXECUTE  . . . . . . . .	Number	 20000000h   
GENERIC_READ . . . . . . . . . .	Number	 -80000000h   
GENERIC_WRITE  . . . . . . . . .	Number	 40000000h   
GMEM_FIXED . . . . . . . . . . .	Number	 00000000h   
GMEM_ZEROINIT  . . . . . . . . .	Number	 00000040h   
GOTOXY . . . . . . . . . . . . .	Text   	 gotoXY
GetModuleHandle  . . . . . . . .	Text   	 GetModuleHandleA
GotoXY . . . . . . . . . . . . .	Text   	 gotoXY
Green  . . . . . . . . . . . . .	Number	 00000002h   
IDABORT  . . . . . . . . . . . .	Number	 00000003h   
IDCANCEL . . . . . . . . . . . .	Number	 00000002h   
IDIGNORE . . . . . . . . . . . .	Number	 00000005h   
IDNO . . . . . . . . . . . . . .	Number	 00000007h   
IDOK . . . . . . . . . . . . . .	Number	 00000001h   
IDRETRY  . . . . . . . . . . . .	Number	 00000004h   
IDYES  . . . . . . . . . . . . .	Number	 00000006h   
INCHAR . . . . . . . . . . . . .	Text   	 inchar
ININTLN  . . . . . . . . . . . .	Text   	 inintln
ININT  . . . . . . . . . . . . .	Text   	 inint
INPUTSTR . . . . . . . . . . . .	Text   	 InputStr
InChar . . . . . . . . . . . . .	Text   	 inchar
InInt  . . . . . . . . . . . . .	Text   	 inint
Inchar . . . . . . . . . . . . .	Text   	 inchar
InintLn  . . . . . . . . . . . .	Text   	 inintln
Inintln  . . . . . . . . . . . .	Text   	 inintln
Inint  . . . . . . . . . . . . .	Text   	 inint
LANG_NEUTRAL . . . . . . . . . .	Number	 00000000h   
LightBlue  . . . . . . . . . . .	Number	 00000009h   
LightGray  . . . . . . . . . . .	Number	 00000007h   
LightGreen . . . . . . . . . . .	Number	 0000000Ah   
LightMagenta . . . . . . . . . .	Number	 0000000Dh   
LightRed . . . . . . . . . . . .	Number	 0000000Ch   
MB_ABORTRETRYIGNORE  . . . . . .	Number	 00000002h   
MB_CANCELTRYCONTINUE . . . . . .	Number	 00000006h   
MB_DEFBUTTON1  . . . . . . . . .	Number	 00000000h   
MB_DEFBUTTON2  . . . . . . . . .	Number	 00000100h   
MB_DEFBUTTON3  . . . . . . . . .	Number	 00000200h   
MB_DEFBUTTON4  . . . . . . . . .	Number	 00000300h   
MB_HELP  . . . . . . . . . . . .	Number	 00004000h   
MB_ICONASTERISK  . . . . . . . .	Number	 00000040h   
MB_ICONEXCLAMATION . . . . . . .	Number	 00000030h   
MB_ICONHAND  . . . . . . . . . .	Number	 00000008h   
MB_ICONQUESTION  . . . . . . . .	Number	 00000020h   
MB_ICONSTOP  . . . . . . . . . .	Number	 00000010h   
MB_OKCANCEL  . . . . . . . . . .	Number	 00000001h   
MB_OK  . . . . . . . . . . . . .	Number	 00000000h   
MB_RETRYCANCEL . . . . . . . . .	Number	 00000005h   
MB_RIGHT . . . . . . . . . . . .	Number	 00080000h   
MB_SYSTEMMODAL . . . . . . . . .	Number	 00001000h   
MB_USERICON  . . . . . . . . . .	Number	 00000080h   
MB_YESNOCANCEL . . . . . . . . .	Number	 00000003h   
MB_YESNO . . . . . . . . . . . .	Number	 00000004h   
MSGBOX . . . . . . . . . . . . .	Text   	 MsgBox
Magenta  . . . . . . . . . . . .	Number	 00000005h   
MessageBoxIndirect . . . . . . .	Text   	 MessageBoxIndirectA
MessageBox . . . . . . . . . . .	Text   	 _imp__MessageBoxA@16
NEWLINE  . . . . . . . . . . . .	Text   	 newline
NEW  . . . . . . . . . . . . . .	Text   	 new
NULL . . . . . . . . . . . . . .	Number	 00000000h   
NewLine  . . . . . . . . . . . .	Text   	 newline
Newline  . . . . . . . . . . . .	Text   	 newline
New  . . . . . . . . . . . . . .	Text   	 new
OPEN_ALWAYS  . . . . . . . . . .	Number	 00000004h   
OPEN_EXISTING  . . . . . . . . .	Number	 00000003h   
OUTCHARLN  . . . . . . . . . . .	Text   	 outcharln
OUTCHAR  . . . . . . . . . . . .	Text   	 outchar
OUTCH  . . . . . . . . . . . . .	Text   	 outchar
OUTCLN . . . . . . . . . . . . .	Text   	 outcharln
OUTDATELN  . . . . . . . . . . .	Text   	 outdateln
OUTDATE  . . . . . . . . . . . .	Text   	 outdate
OUTINTLN . . . . . . . . . . . .	Text   	 outintln
OUTINT . . . . . . . . . . . . .	Text   	 outint
OUTI . . . . . . . . . . . . . .	Text   	 outint
OUTSTRLN . . . . . . . . . . . .	Text   	 outstrln
OUTSTR . . . . . . . . . . . . .	Text   	 outstr
OUTTIMELN  . . . . . . . . . . .	Text   	 outtimeln
OUTTIME  . . . . . . . . . . . .	Text   	 outtime
OUTU . . . . . . . . . . . . . .	Text   	 outword
OUTWORDLN  . . . . . . . . . . .	Text   	 outwordln
OUTWORD  . . . . . . . . . . . .	Text   	 outword
OutCharLn  . . . . . . . . . . .	Text   	 outcharln
OutCharln  . . . . . . . . . . .	Text   	 outcharln
OutChar  . . . . . . . . . . . .	Text   	 outchar
OutDateLn  . . . . . . . . . . .	Text   	 outdateln
OutDateln  . . . . . . . . . . .	Text   	 outdateln
OutDate  . . . . . . . . . . . .	Text   	 outdate
OutILn . . . . . . . . . . . . .	Text   	 outintln
OutIln . . . . . . . . . . . . .	Text   	 outintln
OutIntLn . . . . . . . . . . . .	Text   	 outintln
OutInt . . . . . . . . . . . . .	Text   	 outint
OutI . . . . . . . . . . . . . .	Text   	 outint
OutNumLn . . . . . . . . . . . .	Text   	 outnumln
OutNumln . . . . . . . . . . . .	Text   	 outnumln
OutNum . . . . . . . . . . . . .	Text   	 outnum
OutStrLn . . . . . . . . . . . .	Text   	 outstrln
OutStr . . . . . . . . . . . . .	Text   	 outstr
OutTimeLn  . . . . . . . . . . .	Text   	 outtimeln
OutTimeln  . . . . . . . . . . .	Text   	 outtimeln
OutTime  . . . . . . . . . . . .	Text   	 outtime
OutULn . . . . . . . . . . . . .	Text   	 outwordln
OutUln . . . . . . . . . . . . .	Text   	 outwordln
OutUnsignedLn  . . . . . . . . .	Text   	 outwordln
OutUnsignedln  . . . . . . . . .	Text   	 outwordln
OutUnsigned  . . . . . . . . . .	Text   	 outword
OutU . . . . . . . . . . . . . .	Text   	 outword
OutWordLn  . . . . . . . . . . .	Text   	 outwordln
OutWord  . . . . . . . . . . . .	Text   	 outword
OutintLn . . . . . . . . . . . .	Text   	 outintln
Outintln . . . . . . . . . . . .	Text   	 outintln
Outint . . . . . . . . . . . . .	Text   	 outint
OutstrLn . . . . . . . . . . . .	Text   	 outstrln
OutwordLn  . . . . . . . . . . .	Text   	 outwordln
Outword  . . . . . . . . . . . .	Text   	 outword
PAGE_EXECUTE_READWRITE . . . . .	Number	 00000040h   
PAGE_EXECUTE_READ  . . . . . . .	Number	 00000020h   
PAGE_EXECUTE_WRITECOPY . . . . .	Number	 00000080h   
PAGE_EXECUTE . . . . . . . . . .	Number	 00000010h   
PAGE_NOACCESS  . . . . . . . . .	Number	 00000001h   
PAGE_READONLY  . . . . . . . . .	Number	 00000002h   
PAGE_READWRITE . . . . . . . . .	Number	 00000004h   
PAGE_WRITECOPY . . . . . . . . .	Number	 00000008h   
PAUSE  . . . . . . . . . . . . .	Text   	 pause
Pause  . . . . . . . . . . . . .	Text   	 pause
READKEY  . . . . . . . . . . . .	Text   	 readkey
ReadKey  . . . . . . . . . . . .	Text   	 readkey
Red  . . . . . . . . . . . . . .	Number	 00000004h   
STD_ERROR_HANDLE . . . . . . . .	Number	 -0000000Ch   
STD_INPUT_HANDLE . . . . . . . .	Number	 -0000000Ah   
STD_OUTPUT_HANDLE  . . . . . . .	Number	 -0000000Bh   
SetConsoleTitle  . . . . . . . .	Text   	 SetConsoleTitleA
Start  . . . . . . . . . . . . .	L Near	 000003C0 _TEXT	Public STDCALL
TRUNCATE_EXISTING  . . . . . . .	Number	 00000005h   
URLDownloadToFile  . . . . . . .	Text   	 URLDownloadToFileA
White  . . . . . . . . . . . . .	Number	 0000000Fh   
Yellow . . . . . . . . . . . . .	Number	 0000000Eh   
_10  . . . . . . . . . . . . . .	DWord	 0000001D _DATA	
_imp__MessageBoxA@16 . . . . . .	DWord	 00000000 FLAT	External STDCALL
_imp___exit  . . . . . . . . . .	DWord	 00000000 FLAT	External STDCALL
_imp__printf . . . . . . . . . .	DWord	 00000000 FLAT	External STDCALL
_imp__scanf  . . . . . . . . . .	DWord	 00000000 FLAT	External STDCALL
_imp__sprintf  . . . . . . . . .	DWord	 00000000 FLAT	External STDCALL
a  . . . . . . . . . . . . . . .	Byte	 000002E1 _DATA	
begin  . . . . . . . . . . . . .	L Near	 000005A9 _TEXT	
black  . . . . . . . . . . . . .	Number	 00000000h   
blue . . . . . . . . . . . . . .	Number	 00000001h   
bright . . . . . . . . . . . . .	Number	 00000008h   
brown  . . . . . . . . . . . . .	Number	 00000006h   
clrscr . . . . . . . . . . . . .	Text   	 ClrScr
crt__exit  . . . . . . . . . . .	Text   	 _imp___exit
crt_printf . . . . . . . . . . .	Text   	 _imp__printf
crt_scanf  . . . . . . . . . . .	Text   	 _imp__scanf
crt_sprintf  . . . . . . . . . .	Text   	 _imp__sprintf
cyan . . . . . . . . . . . . . .	Number	 00000003h   
cycle  . . . . . . . . . . . . .	L Near	 0000067B _TEXT	
darkgray . . . . . . . . . . . .	Number	 00000008h   
dos  . . . . . . . . . . . . . .	Text   	 DOS
downloadfile . . . . . . . . . .	Text   	 DownloadFile
fmt  . . . . . . . . . . . . . .	Byte	 00000021 _DATA	
gotoxy . . . . . . . . . . . . .	Text   	 gotoXY
green  . . . . . . . . . . . . .	Number	 00000002h   
heapblocksize  . . . . . . . . .	Text   	 HeapBlockSize
inputstr . . . . . . . . . . . .	Text   	 InputStr
lightblue  . . . . . . . . . . .	Number	 00000009h   
lightgray  . . . . . . . . . . .	Number	 00000007h   
lightgreen . . . . . . . . . . .	Number	 0000000Ah   
lightmagenta . . . . . . . . . .	Number	 0000000Dh   
lightred . . . . . . . . . . . .	Number	 0000000Ch   
magenta  . . . . . . . . . . . .	Number	 00000005h   
msgbox . . . . . . . . . . . . .	Text   	 MsgBox
nil  . . . . . . . . . . . . . .	DWord 	 00000000h   
outch  . . . . . . . . . . . . .	Text   	 outchar
outintLn . . . . . . . . . . . .	Text   	 outintln
outi . . . . . . . . . . . . . .	Text   	 outint
outu . . . . . . . . . . . . . .	Text   	 outword
outwordLn  . . . . . . . . . . .	Text   	 outwordln
randomize  . . . . . . . . . . .	Text   	 Randomize
red  . . . . . . . . . . . . . .	Number	 00000004h   
settextattr  . . . . . . . . . .	Text   	 SetTextAttr
whereX . . . . . . . . . . . . .	Text   	 WhereX
whereY . . . . . . . . . . . . .	Text   	 WhereY
wherex . . . . . . . . . . . . .	Text   	 WhereX
wherey . . . . . . . . . . . . .	Text   	 WhereY
white  . . . . . . . . . . . . .	Number	 0000000Fh   
yellow . . . . . . . . . . . . .	Number	 0000000Eh   
zero . . . . . . . . . . . . . .	L Near	 00000616 _TEXT	

	   0 Warnings
	   0 Errors
